# JRE version: Java(TM) SE Runtime Environment (8.0_211-b12) (build 1.8.0_211-b12)
# Java VM: Java HotSpot(TM) 64-Bit Server VM (25.211-b12 mixed mode windows-amd64 compressed oops)
Heap:
 PSYoungGen      total 86528K, used 84536K [0x00000000eab00000, 0x00000000f0f80000, 0x0000000100000000)
  eden space 74240K, 100% used [0x00000000eab00000,0x00000000ef380000,0x00000000ef380000)
  from space 12288K, 83% used [0x00000000f0380000,0x00000000f0d8e058,0x00000000f0f80000)
  to   space 14336K, 61% used [0x00000000ef380000,0x00000000efc2aa60,0x00000000f0180000)
 ParOldGen       total 130560K, used 31393K [0x00000000c0000000, 0x00000000c7f80000, 0x00000000eab00000)
  object space 130560K, 24% used [0x00000000c0000000,0x00000000c1ea87f8,0x00000000c7f80000)
 Metaspace       used 48399K, capacity 49262K, committed 49536K, reserved 1093632K
  class space    used 6029K, capacity 6214K, committed 6272K, reserved 1048576K
GC Heap History (10 events):
Event: 3.403 GC heap after
Heap after GC invocations=7 (full 2):
 PSYoungGen      total 64000K, used 5101K [0x00000000eab00000, 0x00000000ef080000, 0x0000000100000000)
  eden space 58880K, 0% used [0x00000000eab00000,0x00000000eab00000,0x00000000ee480000)
  from space 5120K, 99% used [0x00000000eeb00000,0x00000000eeffb600,0x00000000ef000000)
  to   space 512K, 0% used [0x00000000ef000000,0x00000000ef000000,0x00000000ef080000)
 ParOldGen       total 69120K, used 19845K [0x00000000c0000000, 0x00000000c4380000, 0x00000000eab00000)
  object space 69120K, 28% used [0x00000000c0000000,0x00000000c1361610,0x00000000c4380000)
 Metaspace       used 25017K, capacity 25394K, committed 25728K, reserved 1071104K
  class space    used 3250K, capacity 3369K, committed 3456K, reserved 1048576K
}
Event: 3.699 GC heap before
{Heap before GC invocations=8 (full 2):
 PSYoungGen      total 64000K, used 63981K [0x00000000eab00000, 0x00000000ef080000, 0x0000000100000000)
  eden space 58880K, 100% used [0x00000000eab00000,0x00000000ee480000,0x00000000ee480000)
  from space 5120K, 99% used [0x00000000eeb00000,0x00000000eeffb600,0x00000000ef000000)
  to   space 512K, 0% used [0x00000000ef000000,0x00000000ef000000,0x00000000ef080000)
 ParOldGen       total 69120K, used 19845K [0x00000000c0000000, 0x00000000c4380000, 0x00000000eab00000)
  object space 69120K, 28% used [0x00000000c0000000,0x00000000c1361610,0x00000000c4380000)
 Metaspace       used 28761K, capacity 29168K, committed 29568K, reserved 1075200K
  class space    used 3724K, capacity 3854K, committed 3968K, reserved 1048576K
Event: 3.706 GC heap after
Heap after GC invocations=8 (full 2):
 PSYoungGen      total 56832K, used 480K [0x00000000eab00000, 0x00000000f1580000, 0x0000000100000000)
  eden space 56320K, 0% used [0x00000000eab00000,0x00000000eab00000,0x00000000ee200000)
  from space 512K, 93% used [0x00000000ef000000,0x00000000ef078020,0x00000000ef080000)
  to   space 14336K, 0% used [0x00000000ee200000,0x00000000ee200000,0x00000000ef000000)
 ParOldGen       total 69120K, used 29725K [0x00000000c0000000, 0x00000000c4380000, 0x00000000eab00000)
  object space 69120K, 43% used [0x00000000c0000000,0x00000000c1d074c0,0x00000000c4380000)
 Metaspace       used 28761K, capacity 29168K, committed 29568K, reserved 1075200K
  class space    used 3724K, capacity 3854K, committed 3968K, reserved 1048576K
}
Event: 4.177 GC heap before
{Heap before GC invocations=9 (full 2):
 PSYoungGen      total 56832K, used 34087K [0x00000000eab00000, 0x00000000f1580000, 0x0000000100000000)
  eden space 56320K, 59% used [0x00000000eab00000,0x00000000ecbd1c60,0x00000000ee200000)
  from space 512K, 93% used [0x00000000ef000000,0x00000000ef078020,0x00000000ef080000)
  to   space 14336K, 0% used [0x00000000ee200000,0x00000000ee200000,0x00000000ef000000)
 ParOldGen       total 69120K, used 29725K [0x00000000c0000000, 0x00000000c4380000, 0x00000000eab00000)
  object space 69120K, 43% used [0x00000000c0000000,0x00000000c1d074c0,0x00000000c4380000)
 Metaspace       used 34718K, capacity 35252K, committed 35496K, reserved 1081344K
  class space    used 4445K, capacity 4584K, committed 4608K, reserved 1048576K
Event: 4.184 GC heap after
Heap after GC invocations=9 (full 2):
 PSYoungGen      total 70656K, used 9344K [0x00000000eab00000, 0x00000000f1180000, 0x0000000100000000)
  eden space 56320K, 0% used [0x00000000eab00000,0x00000000eab00000,0x00000000ee200000)
  from space 14336K, 65% used [0x00000000ee200000,0x00000000eeb20298,0x00000000ef000000)
  to   space 14336K, 0% used [0x00000000f0380000,0x00000000f0380000,0x00000000f1180000)
 ParOldGen       total 69120K, used 29733K [0x00000000c0000000, 0x00000000c4380000, 0x00000000eab00000)
  object space 69120K, 43% used [0x00000000c0000000,0x00000000c1d094c0,0x00000000c4380000)
 Metaspace       used 34718K, capacity 35252K, committed 35496K, reserved 1081344K
  class space    used 4445K, capacity 4584K, committed 4608K, reserved 1048576K
}
Event: 4.185 GC heap before
{Heap before GC invocations=10 (full 3):
 PSYoungGen      total 70656K, used 9344K [0x00000000eab00000, 0x00000000f1180000, 0x0000000100000000)
  eden space 56320K, 0% used [0x00000000eab00000,0x00000000eab00000,0x00000000ee200000)
  from space 14336K, 65% used [0x00000000ee200000,0x00000000eeb20298,0x00000000ef000000)
  to   space 14336K, 0% used [0x00000000f0380000,0x00000000f0380000,0x00000000f1180000)
 ParOldGen       total 69120K, used 29733K [0x00000000c0000000, 0x00000000c4380000, 0x00000000eab00000)
  object space 69120K, 43% used [0x00000000c0000000,0x00000000c1d094c0,0x00000000c4380000)
 Metaspace       used 34718K, capacity 35252K, committed 35496K, reserved 1081344K
  class space    used 4445K, capacity 4584K, committed 4608K, reserved 1048576K
Event: 4.289 GC heap after
Heap after GC invocations=10 (full 3):
 PSYoungGen      total 70656K, used 0K [0x00000000eab00000, 0x00000000f1180000, 0x0000000100000000)
  eden space 56320K, 0% used [0x00000000eab00000,0x00000000eab00000,0x00000000ee200000)
  from space 14336K, 0% used [0x00000000ee200000,0x00000000ee200000,0x00000000ef000000)
  to   space 14336K, 0% used [0x00000000f0380000,0x00000000f0380000,0x00000000f1180000)
 ParOldGen       total 130560K, used 31377K [0x00000000c0000000, 0x00000000c7f80000, 0x00000000eab00000)
  object space 130560K, 24% used [0x00000000c0000000,0x00000000c1ea47f8,0x00000000c7f80000)
 Metaspace       used 34718K, capacity 35252K, committed 35496K, reserved 1081344K
  class space    used 4445K, capacity 4584K, committed 4608K, reserved 1048576K
}
Event: 5.027 GC heap before
{Heap before GC invocations=11 (full 3):
 PSYoungGen      total 70656K, used 56320K [0x00000000eab00000, 0x00000000f1180000, 0x0000000100000000)
  eden space 56320K, 100% used [0x00000000eab00000,0x00000000ee200000,0x00000000ee200000)
  from space 14336K, 0% used [0x00000000ee200000,0x00000000ee200000,0x00000000ef000000)
  to   space 14336K, 0% used [0x00000000f0380000,0x00000000f0380000,0x00000000f1180000)
 ParOldGen       total 130560K, used 31377K [0x00000000c0000000, 0x00000000c7f80000, 0x00000000eab00000)
  object space 130560K, 24% used [0x00000000c0000000,0x00000000c1ea47f8,0x00000000c7f80000)
 Metaspace       used 39888K, capacity 40558K, committed 40960K, reserved 1085440K
  class space    used 5129K, capacity 5291K, committed 5376K, reserved 1048576K
Event: 5.037 GC heap after
Heap after GC invocations=11 (full 3):
 PSYoungGen      total 86528K, used 10296K [0x00000000eab00000, 0x00000000f0f80000, 0x0000000100000000)
  eden space 74240K, 0% used [0x00000000eab00000,0x00000000eab00000,0x00000000ef380000)
  from space 12288K, 83% used [0x00000000f0380000,0x00000000f0d8e058,0x00000000f0f80000)
  to   space 14336K, 0% used [0x00000000ef380000,0x00000000ef380000,0x00000000f0180000)
 ParOldGen       total 130560K, used 31385K [0x00000000c0000000, 0x00000000c7f80000, 0x00000000eab00000)
  object space 130560K, 24% used [0x00000000c0000000,0x00000000c1ea67f8,0x00000000c7f80000)
 Metaspace       used 39888K, capacity 40558K, committed 40960K, reserved 1085440K
  class space    used 5129K, capacity 5291K, committed 5376K, reserved 1048576K
}
Event: 8.516 GC heap before
{Heap before GC invocations=12 (full 3):
 PSYoungGen      total 86528K, used 84536K [0x00000000eab00000, 0x00000000f0f80000, 0x0000000100000000)
  eden space 74240K, 100% used [0x00000000eab00000,0x00000000ef380000,0x00000000ef380000)
  from space 12288K, 83% used [0x00000000f0380000,0x00000000f0d8e058,0x00000000f0f80000)
  to   space 14336K, 0% used [0x00000000ef380000,0x00000000ef380000,0x00000000f0180000)
 ParOldGen       total 130560K, used 31385K [0x00000000c0000000, 0x00000000c7f80000, 0x00000000eab00000)
  object space 130560K, 24% used [0x00000000c0000000,0x00000000c1ea67f8,0x00000000c7f80000)
 Metaspace       used 48399K, capacity 49262K, committed 49536K, reserved 1093632K
  class space    used 6029K, capacity 6214K, committed 6272K, reserved 1048576K

