# JRE version: Java(TM) SE Runtime Environment (8.0_211-b12) (build 1.8.0_211-b12)
# Java VM: Java HotSpot(TM) 64-Bit Server VM (25.211-b12 mixed mode windows-amd64 compressed oops)
Heap:
 PSYoungGen      total 225792K, used 87358K [0x00000000eab00000, 0x00000000fb880000, 0x0000000100000000)
  eden space 192512K, 33% used [0x00000000eab00000,0x00000000ee93a200,0x00000000f6700000)
  from space 33280K, 71% used [0x00000000f8900000,0x00000000fa0157b0,0x00000000fa980000)
  to   space 34816K, 0% used [0x00000000f6700000,0x00000000f6700000,0x00000000f8900000)
 ParOldGen       total 94720K, used 67506K [0x00000000c0000000, 0x00000000c5c80000, 0x00000000eab00000)
  object space 94720K, 71% used [0x00000000c0000000,0x00000000c41ec840,0x00000000c5c80000)
 Metaspace       used 55437K, capacity 56496K, committed 56704K, reserved 1099776K
  class space    used 6522K, capacity 6767K, committed 6784K, reserved 1048576K
GC Heap History (10 events):
Event: 7.784 GC heap before
{Heap before GC invocations=10 (full 2):
 PSYoungGen      total 117248K, used 100352K [0x00000000eab00000, 0x00000000f7f00000, 0x0000000100000000)
  eden space 100352K, 100% used [0x00000000eab00000,0x00000000f0d00000,0x00000000f0d00000)
  from space 16896K, 0% used [0x00000000f0d00000,0x00000000f0d00000,0x00000000f1d80000)
  to   space 17408K, 0% used [0x00000000f6e00000,0x00000000f6e00000,0x00000000f7f00000)
 ParOldGen       total 94720K, used 23915K [0x00000000c0000000, 0x00000000c5c80000, 0x00000000eab00000)
  object space 94720K, 25% used [0x00000000c0000000,0x00000000c175ad50,0x00000000c5c80000)
 Metaspace       used 44028K, capacity 44706K, committed 45056K, reserved 1089536K
  class space    used 5628K, capacity 5785K, committed 5888K, reserved 1048576K
Event: 7.799 GC heap after
Heap after GC invocations=10 (full 2):
 PSYoungGen      total 160256K, used 17387K [0x00000000eab00000, 0x00000000f7f00000, 0x0000000100000000)
  eden space 142848K, 0% used [0x00000000eab00000,0x00000000eab00000,0x00000000f3680000)
  from space 17408K, 99% used [0x00000000f6e00000,0x00000000f7efae30,0x00000000f7f00000)
  to   space 19968K, 0% used [0x00000000f5800000,0x00000000f5800000,0x00000000f6b80000)
 ParOldGen       total 94720K, used 25098K [0x00000000c0000000, 0x00000000c5c80000, 0x00000000eab00000)
  object space 94720K, 26% used [0x00000000c0000000,0x00000000c1882a48,0x00000000c5c80000)
 Metaspace       used 44028K, capacity 44706K, committed 45056K, reserved 1089536K
  class space    used 5628K, capacity 5785K, committed 5888K, reserved 1048576K
}
Event: 14.839 GC heap before
{Heap before GC invocations=11 (full 2):
 PSYoungGen      total 160256K, used 160235K [0x00000000eab00000, 0x00000000f7f00000, 0x0000000100000000)
  eden space 142848K, 100% used [0x00000000eab00000,0x00000000f3680000,0x00000000f3680000)
  from space 17408K, 99% used [0x00000000f6e00000,0x00000000f7efae30,0x00000000f7f00000)
  to   space 19968K, 0% used [0x00000000f5800000,0x00000000f5800000,0x00000000f6b80000)
 ParOldGen       total 94720K, used 25098K [0x00000000c0000000, 0x00000000c5c80000, 0x00000000eab00000)
  object space 94720K, 26% used [0x00000000c0000000,0x00000000c1882a48,0x00000000c5c80000)
 Metaspace       used 48786K, capacity 49658K, committed 49792K, reserved 1093632K
  class space    used 6044K, capacity 6226K, committed 6272K, reserved 1048576K
Event: 14.870 GC heap after
Heap after GC invocations=11 (full 2):
 PSYoungGen      total 194560K, used 19946K [0x00000000eab00000, 0x00000000f8680000, 0x0000000100000000)
  eden space 174592K, 0% used [0x00000000eab00000,0x00000000eab00000,0x00000000f5580000)
  from space 19968K, 99% used [0x00000000f5800000,0x00000000f6b7abb0,0x00000000f6b80000)
  to   space 25088K, 0% used [0x00000000f6e00000,0x00000000f6e00000,0x00000000f8680000)
 ParOldGen       total 94720K, used 31577K [0x00000000c0000000, 0x00000000c5c80000, 0x00000000eab00000)
  object space 94720K, 33% used [0x00000000c0000000,0x00000000c1ed6470,0x00000000c5c80000)
 Metaspace       used 48786K, capacity 49658K, committed 49792K, reserved 1093632K
  class space    used 6044K, capacity 6226K, committed 6272K, reserved 1048576K
}
Event: 156.619 GC heap before
{Heap before GC invocations=12 (full 2):
 PSYoungGen      total 194560K, used 194538K [0x00000000eab00000, 0x00000000f8680000, 0x0000000100000000)
  eden space 174592K, 100% used [0x00000000eab00000,0x00000000f5580000,0x00000000f5580000)
  from space 19968K, 99% used [0x00000000f5800000,0x00000000f6b7abb0,0x00000000f6b80000)
  to   space 25088K, 0% used [0x00000000f6e00000,0x00000000f6e00000,0x00000000f8680000)
 ParOldGen       total 94720K, used 31577K [0x00000000c0000000, 0x00000000c5c80000, 0x00000000eab00000)
  object space 94720K, 33% used [0x00000000c0000000,0x00000000c1ed6470,0x00000000c5c80000)
 Metaspace       used 53990K, capacity 55022K, committed 55168K, reserved 1097728K
  class space    used 6512K, capacity 6755K, committed 6784K, reserved 1048576K
Event: 156.663 GC heap after
Heap after GC invocations=12 (full 2):
 PSYoungGen      total 192000K, used 25085K [0x00000000eab00000, 0x00000000fb480000, 0x0000000100000000)
  eden space 166912K, 0% used [0x00000000eab00000,0x00000000eab00000,0x00000000f4e00000)
  from space 25088K, 99% used [0x00000000f6e00000,0x00000000f867f6c0,0x00000000f8680000)
  to   space 32768K, 0% used [0x00000000f4e00000,0x00000000f4e00000,0x00000000f6e00000)
 ParOldGen       total 94720K, used 43873K [0x00000000c0000000, 0x00000000c5c80000, 0x00000000eab00000)
  object space 94720K, 46% used [0x00000000c0000000,0x00000000c2ad8738,0x00000000c5c80000)
 Metaspace       used 53990K, capacity 55022K, committed 55168K, reserved 1097728K
  class space    used 6512K, capacity 6755K, committed 6784K, reserved 1048576K
}
Event: 162.469 GC heap before
{Heap before GC invocations=13 (full 2):
 PSYoungGen      total 192000K, used 191997K [0x00000000eab00000, 0x00000000fb480000, 0x0000000100000000)
  eden space 166912K, 100% used [0x00000000eab00000,0x00000000f4e00000,0x00000000f4e00000)
  from space 25088K, 99% used [0x00000000f6e00000,0x00000000f867f6c0,0x00000000f8680000)
  to   space 32768K, 0% used [0x00000000f4e00000,0x00000000f4e00000,0x00000000f6e00000)
 ParOldGen       total 94720K, used 43873K [0x00000000c0000000, 0x00000000c5c80000, 0x00000000eab00000)
  object space 94720K, 46% used [0x00000000c0000000,0x00000000c2ad8738,0x00000000c5c80000)
 Metaspace       used 54487K, capacity 55584K, committed 55680K, reserved 1097728K
  class space    used 6520K, capacity 6765K, committed 6784K, reserved 1048576K
Event: 162.498 GC heap after
Heap after GC invocations=13 (full 2):
 PSYoungGen      total 199680K, used 4586K [0x00000000eab00000, 0x00000000fa980000, 0x0000000100000000)
  eden space 166912K, 0% used [0x00000000eab00000,0x00000000eab00000,0x00000000f4e00000)
  from space 32768K, 13% used [0x00000000f4e00000,0x00000000f527a8d0,0x00000000f6e00000)
  to   space 33280K, 0% used [0x00000000f8900000,0x00000000f8900000,0x00000000fa980000)
 ParOldGen       total 94720K, used 67498K [0x00000000c0000000, 0x00000000c5c80000, 0x00000000eab00000)
  object space 94720K, 71% used [0x00000000c0000000,0x00000000c41ea840,0x00000000c5c80000)
 Metaspace       used 54487K, capacity 55584K, committed 55680K, reserved 1097728K
  class space    used 6520K, capacity 6765K, committed 6784K, reserved 1048576K
}
Event: 163.358 GC heap before
{Heap before GC invocations=14 (full 2):
 PSYoungGen      total 199680K, used 171498K [0x00000000eab00000, 0x00000000fa980000, 0x0000000100000000)
  eden space 166912K, 100% used [0x00000000eab00000,0x00000000f4e00000,0x00000000f4e00000)
  from space 32768K, 13% used [0x00000000f4e00000,0x00000000f527a8d0,0x00000000f6e00000)
  to   space 33280K, 0% used [0x00000000f8900000,0x00000000f8900000,0x00000000fa980000)
 ParOldGen       total 94720K, used 67498K [0x00000000c0000000, 0x00000000c5c80000, 0x00000000eab00000)
  object space 94720K, 71% used [0x00000000c0000000,0x00000000c41ea840,0x00000000c5c80000)
 Metaspace       used 54897K, capacity 55968K, committed 56192K, reserved 1099776K
  class space    used 6521K, capacity 6765K, committed 6784K, reserved 1048576K
Event: 163.402 GC heap after
Heap after GC invocations=14 (full 2):
 PSYoungGen      total 225792K, used 23637K [0x00000000eab00000, 0x00000000fb880000, 0x0000000100000000)
  eden space 192512K, 0% used [0x00000000eab00000,0x00000000eab00000,0x00000000f6700000)
  from space 33280K, 71% used [0x00000000f8900000,0x00000000fa0157b0,0x00000000fa980000)
  to   space 34816K, 0% used [0x00000000f6700000,0x00000000f6700000,0x00000000f8900000)
 ParOldGen       total 94720K, used 67506K [0x00000000c0000000, 0x00000000c5c80000, 0x00000000eab00000)
  object space 94720K, 71% used [0x00000000c0000000,0x00000000c41ec840,0x00000000c5c80000)
 Metaspace       used 54897K, capacity 55968K, committed 56192K, reserved 1099776K
  class space    used 6521K, capacity 6765K, committed 6784K, reserved 1048576K
}

