# JRE version: Java(TM) SE Runtime Environment (8.0_211-b12) (build 1.8.0_211-b12)
# Java VM: Java HotSpot(TM) 64-Bit Server VM (25.211-b12 mixed mode windows-amd64 compressed oops)
Heap:
 garbage-first heap   total 229376K, used 158832K [0x00000000e0000000, 0x00000000e0100700, 0x0000000100000000)
  region size 1024K, 16 young (16384K), 5 survivors (5120K)
 Metaspace       used 17755K, capacity 17978K, committed 18176K, reserved 1064960K
  class space    used 1946K, capacity 2047K, committed 2048K, reserved 1048576K
GC Heap History (10 events):
Event: 13.745 GC heap before
{Heap before GC invocations=11 (full 0):
 garbage-first heap   total 153600K, used 143872K [0x00000000e0000000, 0x00000000e01004b0, 0x0000000100000000)
  region size 1024K, 7 young (7168K), 1 survivors (1024K)
 Metaspace       used 13499K, capacity 13662K, committed 13952K, reserved 1060864K
  class space    used 1545K, capacity 1611K, committed 1664K, reserved 1048576K
Event: 13.749 GC heap after
Heap after GC invocations=12 (full 0):
 garbage-first heap   total 153600K, used 143872K [0x00000000e0000000, 0x00000000e01004b0, 0x0000000100000000)
  region size 1024K, 1 young (1024K), 1 survivors (1024K)
 Metaspace       used 13499K, capacity 13662K, committed 13952K, reserved 1060864K
  class space    used 1545K, capacity 1611K, committed 1664K, reserved 1048576K
}
Event: 13.813 GC heap before
{Heap before GC invocations=12 (full 0):
 garbage-first heap   total 153600K, used 150016K [0x00000000e0000000, 0x00000000e01004b0, 0x0000000100000000)
  region size 1024K, 7 young (7168K), 1 survivors (1024K)
 Metaspace       used 13708K, capacity 13854K, committed 13952K, reserved 1060864K
  class space    used 1559K, capacity 1611K, committed 1664K, reserved 1048576K
Event: 13.816 GC heap after
Heap after GC invocations=13 (full 0):
 garbage-first heap   total 155648K, used 146432K [0x00000000e0000000, 0x00000000e01004c0, 0x0000000100000000)
  region size 1024K, 1 young (1024K), 1 survivors (1024K)
 Metaspace       used 13708K, capacity 13854K, committed 13952K, reserved 1060864K
  class space    used 1559K, capacity 1611K, committed 1664K, reserved 1048576K
}
Event: 14.010 GC heap before
{Heap before GC invocations=14 (full 0):
 garbage-first heap   total 155648K, used 151552K [0x00000000e0000000, 0x00000000e01004c0, 0x0000000100000000)
  region size 1024K, 7 young (7168K), 1 survivors (1024K)
 Metaspace       used 14121K, capacity 14302K, committed 14592K, reserved 1062912K
  class space    used 1607K, capacity 1675K, committed 1792K, reserved 1048576K
Event: 14.011 GC heap after
Heap after GC invocations=15 (full 0):
 garbage-first heap   total 155648K, used 144918K [0x00000000e0000000, 0x00000000e01004c0, 0x0000000100000000)
  region size 1024K, 1 young (1024K), 1 survivors (1024K)
 Metaspace       used 14121K, capacity 14302K, committed 14592K, reserved 1062912K
  class space    used 1607K, capacity 1675K, committed 1792K, reserved 1048576K
}
Event: 15.013 GC heap before
{Heap before GC invocations=15 (full 0):
 garbage-first heap   total 155648K, used 151062K [0x00000000e0000000, 0x00000000e01004c0, 0x0000000100000000)
  region size 1024K, 7 young (7168K), 1 survivors (1024K)
 Metaspace       used 15383K, capacity 15596K, committed 15744K, reserved 1062912K
  class space    used 1737K, capacity 1805K, committed 1920K, reserved 1048576K
Event: 15.019 GC heap after
Heap after GC invocations=16 (full 0):
 garbage-first heap   total 229376K, used 145136K [0x00000000e0000000, 0x00000000e0100700, 0x0000000100000000)
  region size 1024K, 1 young (1024K), 1 survivors (1024K)
 Metaspace       used 15383K, capacity 15596K, committed 15744K, reserved 1062912K
  class space    used 1737K, capacity 1805K, committed 1920K, reserved 1048576K
}
Event: 17.395 GC heap before
{Heap before GC invocations=16 (full 0):
 garbage-first heap   total 229376K, used 183024K [0x00000000e0000000, 0x00000000e0100700, 0x0000000100000000)
  region size 1024K, 38 young (38912K), 1 survivors (1024K)
 Metaspace       used 17727K, capacity 17914K, committed 18176K, reserved 1064960K
  class space    used 1946K, capacity 2047K, committed 2048K, reserved 1048576K
Event: 17.400 GC heap after
Heap after GC invocations=17 (full 0):
 garbage-first heap   total 229376K, used 148592K [0x00000000e0000000, 0x00000000e0100700, 0x0000000100000000)
  region size 1024K, 5 young (5120K), 5 survivors (5120K)
 Metaspace       used 17727K, capacity 17914K, committed 18176K, reserved 1064960K
  class space    used 1946K, capacity 2047K, committed 2048K, reserved 1048576K
}

