# JRE version: Java(TM) SE Runtime Environment (8.0_211-b12) (build 1.8.0_211-b12)
# Java VM: Java HotSpot(TM) 64-Bit Server VM (25.211-b12 mixed mode windows-amd64 compressed oops)
Heap:
 garbage-first heap   total 291840K, used 200098K [0x00000000e0000000, 0x00000000e01008e8, 0x0000000100000000)
  region size 1024K, 19 young (19456K), 10 survivors (10240K)
 Metaspace       used 56085K, capacity 57050K, committed 57344K, reserved 1099776K
  class space    used 6769K, capacity 7124K, committed 7168K, reserved 1048576K
GC Heap History (10 events):
Event: 32.660 GC heap before
{Heap before GC invocations=34 (full 0):
 garbage-first heap   total 291840K, used 254201K [0x00000000e0000000, 0x00000000e01008e8, 0x0000000100000000)
  region size 1024K, 85 young (87040K), 2 survivors (2048K)
 Metaspace       used 42245K, capacity 43094K, committed 43392K, reserved 1087488K
  class space    used 5107K, capacity 5463K, committed 5504K, reserved 1048576K
Event: 32.666 GC heap after
Heap after GC invocations=35 (full 0):
 garbage-first heap   total 291840K, used 175056K [0x00000000e0000000, 0x00000000e01008e8, 0x0000000100000000)
  region size 1024K, 8 young (8192K), 8 survivors (8192K)
 Metaspace       used 42245K, capacity 43094K, committed 43392K, reserved 1087488K
  class space    used 5107K, capacity 5463K, committed 5504K, reserved 1048576K
}
Event: 35.048 GC heap before
{Heap before GC invocations=35 (full 0):
 garbage-first heap   total 291840K, used 250832K [0x00000000e0000000, 0x00000000e01008e8, 0x0000000100000000)
  region size 1024K, 82 young (83968K), 8 survivors (8192K)
 Metaspace       used 46511K, capacity 47374K, committed 47744K, reserved 1091584K
  class space    used 5606K, capacity 5946K, committed 6016K, reserved 1048576K
Event: 35.055 GC heap after
Heap after GC invocations=36 (full 0):
 garbage-first heap   total 291840K, used 174841K [0x00000000e0000000, 0x00000000e01008e8, 0x0000000100000000)
  region size 1024K, 8 young (8192K), 8 survivors (8192K)
 Metaspace       used 46511K, capacity 47374K, committed 47744K, reserved 1091584K
  class space    used 5606K, capacity 5946K, committed 6016K, reserved 1048576K
}
Event: 37.759 GC heap before
{Heap before GC invocations=37 (full 0):
 garbage-first heap   total 291840K, used 250617K [0x00000000e0000000, 0x00000000e01008e8, 0x0000000100000000)
  region size 1024K, 82 young (83968K), 8 survivors (8192K)
 Metaspace       used 47989K, capacity 48952K, committed 49280K, reserved 1091584K
  class space    used 5818K, capacity 6173K, committed 6272K, reserved 1048576K
Event: 37.767 GC heap after
Heap after GC invocations=38 (full 0):
 garbage-first heap   total 291840K, used 176889K [0x00000000e0000000, 0x00000000e01008e8, 0x0000000100000000)
  region size 1024K, 10 young (10240K), 10 survivors (10240K)
 Metaspace       used 47989K, capacity 48952K, committed 49280K, reserved 1091584K
  class space    used 5818K, capacity 6173K, committed 6272K, reserved 1048576K
}
Event: 40.427 GC heap before
{Heap before GC invocations=38 (full 0):
 garbage-first heap   total 291840K, used 248569K [0x00000000e0000000, 0x00000000e01008e8, 0x0000000100000000)
  region size 1024K, 80 young (81920K), 10 survivors (10240K)
 Metaspace       used 51498K, capacity 52428K, committed 52736K, reserved 1095680K
  class space    used 6302K, capacity 6623K, committed 6656K, reserved 1048576K
Event: 40.441 GC heap after
Heap after GC invocations=39 (full 0):
 garbage-first heap   total 291840K, used 182085K [0x00000000e0000000, 0x00000000e01008e8, 0x0000000100000000)
  region size 1024K, 10 young (10240K), 10 survivors (10240K)
 Metaspace       used 51498K, capacity 52428K, committed 52736K, reserved 1095680K
  class space    used 6302K, capacity 6623K, committed 6656K, reserved 1048576K
}
Event: 43.213 GC heap before
{Heap before GC invocations=39 (full 0):
 garbage-first heap   total 291840K, used 248645K [0x00000000e0000000, 0x00000000e01008e8, 0x0000000100000000)
  region size 1024K, 76 young (77824K), 10 survivors (10240K)
 Metaspace       used 55414K, capacity 56410K, committed 56832K, reserved 1099776K
  class space    used 6700K, capacity 7060K, committed 7168K, reserved 1048576K
Event: 43.234 GC heap after
Heap after GC invocations=40 (full 0):
 garbage-first heap   total 291840K, used 190882K [0x00000000e0000000, 0x00000000e01008e8, 0x0000000100000000)
  region size 1024K, 10 young (10240K), 10 survivors (10240K)
 Metaspace       used 55414K, capacity 56410K, committed 56832K, reserved 1099776K
  class space    used 6700K, capacity 7060K, committed 7168K, reserved 1048576K
}

